2020-06-23 16:35:34.472 [main] INFO  com.dries.admin.DriesAdminApplication - Starting DriesAdminApplication on Samphanie with PID 17460 (E:\WorkSpace\IdeaProducts\dries\dries-admin\target\classes started by ZSY in E:\WorkSpace\IdeaProducts\dries)
2020-06-23 16:35:34.476 [main] DEBUG com.dries.admin.DriesAdminApplication - Running with Spring Boot v2.3.1.RELEASE, Spring v5.2.7.RELEASE
2020-06-23 16:35:34.476 [main] INFO  com.dries.admin.DriesAdminApplication - The following profiles are active: dev
2020-06-23 16:35:36.798 [main] INFO  o.s.d.r.config.RepositoryConfigurationDelegate - Multiple Spring Data modules found, entering strict repository configuration mode!
2020-06-23 16:35:36.803 [main] INFO  o.s.d.r.config.RepositoryConfigurationDelegate - Bootstrapping Spring Data Redis repositories in DEFAULT mode.
2020-06-23 16:35:36.884 [main] INFO  o.s.d.r.config.RepositoryConfigurationDelegate - Finished Spring Data repository scanning in 52ms. Found 0 Redis repository interfaces.
2020-06-23 16:35:38.243 [main] INFO  o.s.c.s.PostProcessorRegistrationDelegate$BeanPostProcessorChecker - Bean 'redisConfig' of type [com.dries.security.config.RedisConfig$$EnhancerBySpringCGLIB$$843de765] is not eligible for getting processed by all BeanPostProcessors (for example: not eligible for auto-proxying)
2020-06-23 16:35:38.317 [main] INFO  o.s.c.s.PostProcessorRegistrationDelegate$BeanPostProcessorChecker - Bean 'org.springframework.security.access.expression.method.DefaultMethodSecurityExpressionHandler@95eb320' of type [org.springframework.security.access.expression.method.DefaultMethodSecurityExpressionHandler] is not eligible for getting processed by all BeanPostProcessors (for example: not eligible for auto-proxying)
2020-06-23 16:35:38.329 [main] INFO  o.s.c.s.PostProcessorRegistrationDelegate$BeanPostProcessorChecker - Bean 'methodSecurityMetadataSource' of type [org.springframework.security.access.method.DelegatingMethodSecurityMetadataSource] is not eligible for getting processed by all BeanPostProcessors (for example: not eligible for auto-proxying)
2020-06-23 16:35:38.849 [main] INFO  o.s.boot.web.embedded.tomcat.TomcatWebServer - Tomcat initialized with port(s): 8080 (http)
2020-06-23 16:35:38.862 [main] INFO  org.apache.coyote.http11.Http11NioProtocol - Initializing ProtocolHandler ["http-nio-8080"]
2020-06-23 16:35:38.864 [main] INFO  org.apache.catalina.core.StandardService - Starting service [Tomcat]
2020-06-23 16:35:38.864 [main] INFO  org.apache.catalina.core.StandardEngine - Starting Servlet engine: [Apache Tomcat/9.0.36]
2020-06-23 16:35:39.067 [main] INFO  o.a.c.core.ContainerBase.[Tomcat].[localhost].[/] - Initializing Spring embedded WebApplicationContext
2020-06-23 16:35:39.068 [main] INFO  o.s.b.w.s.c.ServletWebServerApplicationContext - Root WebApplicationContext: initialization completed in 4488 ms
2020-06-23 16:35:39.418 [main] INFO  c.a.d.s.b.a.DruidDataSourceAutoConfigure - Init DruidDataSource
2020-06-23 16:35:40.902 [main] INFO  com.alibaba.druid.pool.DruidDataSource - {dataSource-1} inited
2020-06-23 16:35:44.209 [main] WARN  com.dries.security.component.DynamicSecurityFilter - Could not validate configuration attributes as the SecurityMetadataSource did not return any attributes from getAllConfigAttributes()
2020-06-23 16:35:44.256 [main] DEBUG c.d.s.component.JwtAuthenticationTokenFilter - Filter 'jwtAuthenticationTokenFilter' configured for use
2020-06-23 16:35:44.997 [main] INFO  o.s.b.actuate.endpoint.web.EndpointLinksResolver - Exposing 2 endpoint(s) beneath base path '/actuator'
2020-06-23 16:35:45.227 [main] INFO  o.s.security.web.DefaultSecurityFilterChain - Creating filter chain: any request, [org.springframework.security.web.context.request.async.WebAsyncManagerIntegrationFilter@1da53f4f, org.springframework.security.web.context.SecurityContextPersistenceFilter@595ec862, org.springframework.security.web.header.HeaderWriterFilter@4ca0b9b1, org.springframework.security.web.authentication.logout.LogoutFilter@629cbb1, com.dries.security.component.JwtAuthenticationTokenFilter@790ac3e0, org.springframework.security.web.savedrequest.RequestCacheAwareFilter@102af1bb, org.springframework.security.web.servletapi.SecurityContextHolderAwareRequestFilter@389a1e34, org.springframework.security.web.authentication.AnonymousAuthenticationFilter@4e7eba9f, org.springframework.security.web.session.SessionManagementFilter@69ba72da, org.springframework.security.web.access.ExceptionTranslationFilter@5af38a4a, com.dries.security.component.DynamicSecurityFilter@7cc1f72c, org.springframework.security.web.access.intercept.FilterSecurityInterceptor@717a8a76]
2020-06-23 16:35:45.263 [main] INFO  s.d.s.w.PropertySourcedRequestMappingHandlerMapping - Mapped URL path [/v2/api-docs] onto method [springfox.documentation.swagger2.web.Swagger2Controller#getDocumentation(String, HttpServletRequest)]
2020-06-23 16:35:45.512 [main] INFO  o.s.scheduling.concurrent.ThreadPoolTaskExecutor - Initializing ExecutorService 'applicationTaskExecutor'
2020-06-23 16:35:46.342 [main] INFO  org.apache.coyote.http11.Http11NioProtocol - Starting ProtocolHandler ["http-nio-8080"]
2020-06-23 16:35:46.367 [main] INFO  o.s.boot.web.embedded.tomcat.TomcatWebServer - Tomcat started on port(s): 8080 (http) with context path ''
2020-06-23 16:35:46.368 [main] INFO  s.d.s.web.plugins.DocumentationPluginsBootstrapper - Context refreshed
2020-06-23 16:35:46.381 [main] INFO  s.d.s.web.plugins.DocumentationPluginsBootstrapper - Found 1 custom documentation plugin(s)
2020-06-23 16:35:46.413 [main] INFO  s.d.spring.web.scanners.ApiListingReferenceScanner - Scanning for api listing references
2020-06-23 16:35:46.570 [main] INFO  com.dries.admin.DriesAdminApplication - Started DriesAdminApplication in 13.024 seconds (JVM running for 15.257)
2020-06-23 16:35:47.006 [RMI TCP Connection(3)-192.168.200.1] INFO  o.a.c.core.ContainerBase.[Tomcat].[localhost].[/] - Initializing Spring DispatcherServlet 'dispatcherServlet'
2020-06-23 16:35:47.007 [RMI TCP Connection(3)-192.168.200.1] INFO  org.springframework.web.servlet.DispatcherServlet - Initializing Servlet 'dispatcherServlet'
2020-06-23 16:35:47.021 [RMI TCP Connection(3)-192.168.200.1] INFO  org.springframework.web.servlet.DispatcherServlet - Completed initialization in 14 ms
2020-06-23 16:36:21.311 [http-nio-8080-exec-2] INFO  c.d.s.component.JwtAuthenticationTokenFilter - 【authHeader】===========》SAMeyJhbGciOiJIUzUxMiJ9.eyJjcmVhdGVkIjoxNTkyODk2MjA5MjEyLCJleHAiOjE1OTM1MDEwMDksInNhbSI6InRlc3QwMSJ9.oPDOW-7oLeGxAhyRowyoZbcfEUQdRJngtvbxvF23HtVqNHs4-78xhHuF3wUI73AOkTsIefFG-UHQlQXweuIFYA
2020-06-23 16:36:21.345 [http-nio-8080-exec-2] INFO  c.d.s.component.JwtAuthenticationTokenFilter - 【检查用户名：test01】
2020-06-23 16:36:21.540 [http-nio-8080-exec-2] INFO  c.d.s.component.JwtAuthenticationTokenFilter - 【authenticated user:test01】
2020-06-23 16:36:21.545 [http-nio-8080-exec-2] DEBUG com.dries.security.component.DynamicSecurityFilter - Secure object: FilterInvocation: URL: /admin/permission/1275266537124548609; Attributes: [25:后台用户管理]
2020-06-23 16:36:21.546 [http-nio-8080-exec-2] DEBUG com.dries.security.component.DynamicSecurityFilter - Previously Authenticated: org.springframework.security.authentication.UsernamePasswordAuthenticationToken@cc93acec: Principal: com.dries.admin.bo.AdminUserDetails@336ce04c; Credentials: [PROTECTED]; Authenticated: true; Details: org.springframework.security.web.authentication.WebAuthenticationDetails@b364: RemoteIpAddress: 0:0:0:0:0:0:0:1; SessionId: null; Not granted any authorities
2020-06-23 16:36:21.546 [http-nio-8080-exec-2] DEBUG com.dries.security.component.DynamicSecurityFilter - Authorization successful
2020-06-23 16:36:21.546 [http-nio-8080-exec-2] DEBUG com.dries.security.component.DynamicSecurityFilter - RunAsManager did not change Authentication object
2020-06-23 16:36:21.551 [http-nio-8080-exec-2] DEBUG com.dries.security.component.DynamicSecurityFilter - Secure object: FilterInvocation: URL: /admin/permission/1275266537124548609; Attributes: [25:后台用户管理]
2020-06-23 16:36:21.551 [http-nio-8080-exec-2] DEBUG com.dries.security.component.DynamicSecurityFilter - Previously Authenticated: org.springframework.security.authentication.UsernamePasswordAuthenticationToken@cc93acec: Principal: com.dries.admin.bo.AdminUserDetails@336ce04c; Credentials: [PROTECTED]; Authenticated: true; Details: org.springframework.security.web.authentication.WebAuthenticationDetails@b364: RemoteIpAddress: 0:0:0:0:0:0:0:1; SessionId: null; Not granted any authorities
2020-06-23 16:36:21.551 [http-nio-8080-exec-2] DEBUG com.dries.security.component.DynamicSecurityFilter - Authorization successful
2020-06-23 16:36:21.551 [http-nio-8080-exec-2] DEBUG com.dries.security.component.DynamicSecurityFilter - RunAsManager did not change Authentication object
2020-06-23 16:36:21.625 [http-nio-8080-exec-2] INFO  com.dries.admin.component.WebLogAspect - 【请求信息】=================》{method=GET, parameter=null, description=获取用户所有权限（包括+-权限）, url=/admin/permission/1275266537124548609, spendTime=12}  {"result":{"request":{"request":{"request":{}}}},"basePath":"/admin/permission/1275266537124548609","method":"GET","ip":"test01","description":"获取用户所有权限（包括+-权限）","uri":"/admin/permission/1275266537124548609","url":"/admin/permission/1275266537124548609","spendTime":12}
